<?xml version="1.0" encoding="UTF-8"?>
<testsuite name="RecipesApplicationTest" tests="1" skipped="0" failures="0" errors="0" timestamp="2023-03-21T13:23:59" hostname="BHP" time="33.844">
  <properties/>
  <testcase name="start" classname="RecipesApplicationTest" time="33.844"/>
  <system-out><![CDATA[?[1;31m
Start test 1?[0m
?[0;34m
?[0m?[0;34m  .   ____          _            __ _ _
?[0m?[0;34m /\\ / ___'_ __ _ _(_)_ __  __ _ \ \ \ \
?[0m?[0;34m( ( )\___ | '_ | '_| | '_ \/ _` | \ \ \ \
?[0m?[0;34m \\/  ___)| |_)| | | | | || (_| |  ) ) ) )
?[0m?[0;34m  '  |____| .__|_| |_|_| |_\__, | / / / /
?[0m?[0;34m =========|_|==============|___/=/_/_/_/
?[0m?[0;34m :: Spring Boot ::                (v2.5.6)
?[0m?[0;34m
?[0m?[0;34m2023-03-21 15:23:59.542  INFO 17256 --- [    Test worker] recipes.RecipesApplication               : Starting RecipesApplication using Java 17.0.1 on bhp with PID 17256 (started by vovaf in F:\baha\highEdu\Recipes\Recipes\task)
?[0m?[0;34m2023-03-21 15:23:59.544  INFO 17256 --- [    Test worker] recipes.RecipesApplication               : No active profile set, falling back to default profiles: default
?[0m?[0;34m2023-03-21 15:24:00.330  INFO 17256 --- [    Test worker] .s.d.r.c.RepositoryConfigurationDelegate : Bootstrapping Spring Data JPA repositories in DEFAULT mode.
?[0m?[0;34m2023-03-21 15:24:00.385  INFO 17256 --- [    Test worker] .s.d.r.c.RepositoryConfigurationDelegate : Finished Spring Data repository scanning in 47 ms. Found 2 JPA repository interfaces.
?[0m?[0;34m2023-03-21 15:24:00.923  INFO 17256 --- [    Test worker] o.s.b.w.embedded.tomcat.TomcatWebServer  : Tomcat initialized with port(s): 8881 (http)
?[0m?[0;34m2023-03-21 15:24:00.932  INFO 17256 --- [    Test worker] o.apache.catalina.core.StandardService   : Starting service [Tomcat]
?[0m?[0;34m2023-03-21 15:24:00.933  INFO 17256 --- [    Test worker] org.apache.catalina.core.StandardEngine  : Starting Servlet engine: [Apache Tomcat/9.0.54]
?[0m?[0;34m2023-03-21 15:24:01.046  INFO 17256 --- [    Test worker] o.a.c.c.C.[Tomcat].[localhost].[/]       : Initializing Spring embedded WebApplicationContext
?[0m?[0;34m2023-03-21 15:24:01.046  INFO 17256 --- [    Test worker] w.s.c.ServletWebServerApplicationContext : Root WebApplicationContext: initialization completed in 1466 ms
?[0m?[0;34m2023-03-21 15:24:01.146  INFO 17256 --- [    Test worker] com.zaxxer.hikari.HikariDataSource       : HikariPool-1 - Starting...
?[0m?[0;34m2023-03-21 15:24:01.308  INFO 17256 --- [    Test worker] com.zaxxer.hikari.HikariDataSource       : HikariPool-1 - Start completed.
?[0m?[0;34m2023-03-21 15:24:01.317  INFO 17256 --- [    Test worker] o.s.b.a.h2.H2ConsoleAutoConfiguration    : H2 console available at '/h2-console'. Database available at 'jdbc:h2:file:../recipes_db'
?[0m?[0;34m2023-03-21 15:24:01.452  INFO 17256 --- [    Test worker] o.hibernate.jpa.internal.util.LogHelper  : HHH000204: Processing PersistenceUnitInfo [name: default]
?[0m?[0;34m2023-03-21 15:24:01.501  INFO 17256 --- [    Test worker] org.hibernate.Version                    : HHH000412: Hibernate ORM core version 5.4.32.Final
?[0m?[0;34m2023-03-21 15:24:01.645  INFO 17256 --- [    Test worker] o.hibernate.annotations.common.Version   : HCANN000001: Hibernate Commons Annotations {5.1.2.Final}
?[0m?[0;34m2023-03-21 15:24:01.759  INFO 17256 --- [    Test worker] org.hibernate.dialect.Dialect            : HHH000400: Using dialect: org.hibernate.dialect.H2Dialect
?[0m?[0;34m2023-03-21 15:24:02.425  INFO 17256 --- [    Test worker] o.h.e.t.j.p.i.JtaPlatformInitiator       : HHH000490: Using JtaPlatform implementation: [org.hibernate.engine.transaction.jta.platform.internal.NoJtaPlatform]
?[0m?[0;34m2023-03-21 15:24:02.433  INFO 17256 --- [    Test worker] j.LocalContainerEntityManagerFactoryBean : Initialized JPA EntityManagerFactory for persistence unit 'default'
?[0m?[0;34m2023-03-21 15:24:02.464  WARN 17256 --- [    Test worker] JpaBaseConfiguration$JpaWebConfiguration : spring.jpa.open-in-view is enabled by default. Therefore, database queries may be performed during view rendering. Explicitly configure spring.jpa.open-in-view to disable this warning
?[0m?[0;34m2023-03-21 15:24:03.333  INFO 17256 --- [    Test worker] o.s.s.web.DefaultSecurityFilterChain     : Will secure any request with [org.springframework.security.web.context.request.async.WebAsyncManagerIntegrationFilter@798d8247, org.springframework.security.web.context.SecurityContextPersistenceFilter@531bfe4b, org.springframework.security.web.header.HeaderWriterFilter@1df83569, org.springframework.security.web.authentication.logout.LogoutFilter@106c73ed, org.springframework.security.web.authentication.www.BasicAuthenticationFilter@76929266, org.springframework.security.web.savedrequest.RequestCacheAwareFilter@77331437, org.springframework.security.web.servletapi.SecurityContextHolderAwareRequestFilter@1dc9e4d2, org.springframework.security.web.authentication.AnonymousAuthenticationFilter@41623694, org.springframework.security.web.session.SessionManagementFilter@12f933c7, org.springframework.security.web.access.ExceptionTranslationFilter@623be2a0, org.springframework.security.web.access.intercept.FilterSecurityInterceptor@3ad80206]
?[0m?[0;34m2023-03-21 15:24:03.359  INFO 17256 --- [    Test worker] o.s.b.a.e.web.EndpointLinksResolver      : Exposing 14 endpoint(s) beneath base path '/actuator'
?[0m?[0;34m2023-03-21 15:24:03.391  INFO 17256 --- [    Test worker] o.s.b.w.embedded.tomcat.TomcatWebServer  : Tomcat started on port(s): 8881 (http) with context path ''
?[0m?[0;34m2023-03-21 15:24:03.401  INFO 17256 --- [    Test worker] recipes.RecipesApplication               : Started RecipesApplication in 4.159 seconds (JVM running for 4.89)
?[0;34m2023-03-21 15:24:03.654  INFO 17256 --- [nio-8881-exec-1] o.a.c.c.C.[Tomcat].[localhost].[/]       : Initializing Spring DispatcherServlet 'dispatcherServlet'
?[0m?[0;34m2023-03-21 15:24:03.654  INFO 17256 --- [nio-8881-exec-1] o.s.web.servlet.DispatcherServlet        : Initializing Servlet 'dispatcherServlet'
?[0m?[0;34m2023-03-21 15:24:03.656  INFO 17256 --- [nio-8881-exec-1] o.s.web.servlet.DispatcherServlet        : Completed initialization in 2 ms
?[0m?[0;34mUserCredentialsDto(email=LoginTest1@test.com, password=Test1111)
?[0m?[1;31m
Start test 2?[0m
?[0;34mUserCredentialsDto(email=LoginTest1@test.com, password=Test1111)
?[1;31m
Start test 3?[0m
?[0;34mUserCredentialsDto(email=LoginTest2@test.com, password=Test2222222)
?[1;31m
Start test 4?[0m
?[0;34mUserCredentialsDto(email=LoginTest3@test.com, password=Test33333333333)
?[1;31m
Start test 5?[0m
?[0;34m2023-03-21 15:24:04.192  WARN 17256 --- [nio-8881-exec-5] .w.s.m.s.DefaultHandlerExceptionResolver : Resolved [org.springframework.web.bind.MethodArgumentNotValidException: Validation failed for argument [0] in public org.springframework.http.ResponseEntity<?> recipes.controller.RecipeController.registerNewUser(recipes.dto.UserCredentialsDto): [Field error in object 'userCredentialsDto' on field 'email': rejected value [Test3@testcom]; codes [Pattern.userCredentialsDto.email,Pattern.email,Pattern.java.lang.String,Pattern]; arguments [org.springframework.context.support.DefaultMessageSourceResolvable: codes [userCredentialsDto.email,email]; arguments []; default message [email],[Ljavax.validation.constraints.Pattern$Flag;@1797d2a6,^[A-Za-z0-9._%+-]+@[A-Za-z0-9.-]+\.[A-Za-z]{2,}$]; default message [must match "^[A-Za-z0-9._%+-]+@[A-Za-z0-9.-]+\.[A-Za-z]{2,}$"]] ]
?[1;31m
Start test 6?[0m
?[0;34m2023-03-21 15:24:04.221  WARN 17256 --- [nio-8881-exec-6] .w.s.m.s.DefaultHandlerExceptionResolver : Resolved [org.springframework.web.bind.MethodArgumentNotValidException: Validation failed for argument [0] in public org.springframework.http.ResponseEntity<?> recipes.controller.RecipeController.registerNewUser(recipes.dto.UserCredentialsDto): [Field error in object 'userCredentialsDto' on field 'email': rejected value [Test4test.com]; codes [Pattern.userCredentialsDto.email,Pattern.email,Pattern.java.lang.String,Pattern]; arguments [org.springframework.context.support.DefaultMessageSourceResolvable: codes [userCredentialsDto.email,email]; arguments []; default message [email],[Ljavax.validation.constraints.Pattern$Flag;@1797d2a6,^[A-Za-z0-9._%+-]+@[A-Za-z0-9.-]+\.[A-Za-z]{2,}$]; default message [must match "^[A-Za-z0-9._%+-]+@[A-Za-z0-9.-]+\.[A-Za-z]{2,}$"]] ]
?[1;31m
Start test 7?[0m
?[0;34m2023-03-21 15:24:04.233  WARN 17256 --- [nio-8881-exec-7] .w.s.m.s.DefaultHandlerExceptionResolver : Resolved [org.springframework.web.bind.MethodArgumentNotValidException: Validation failed for argument [0] in public org.springframework.http.ResponseEntity<?> recipes.controller.RecipeController.registerNewUser(recipes.dto.UserCredentialsDto): [Field error in object 'userCredentialsDto' on field 'password': rejected value [Test555]; codes [Length.userCredentialsDto.password,Length.password,Length.java.lang.String,Length]; arguments [org.springframework.context.support.DefaultMessageSourceResolvable: codes [userCredentialsDto.password,password]; arguments []; default message [password],2147483647,8]; default message [length must be between 8 and 2147483647]] ]
?[1;31m
Start test 8?[0m
?[0;34m2023-03-21 15:24:04.242  WARN 17256 --- [io-8881-exec-10] .w.s.m.s.DefaultHandlerExceptionResolver : Resolved [org.springframework.web.bind.MethodArgumentNotValidException: Validation failed for argument [0] in public org.springframework.http.ResponseEntity<?> recipes.controller.RecipeController.registerNewUser(recipes.dto.UserCredentialsDto): [Field error in object 'userCredentialsDto' on field 'password': rejected value [        ]; codes [NotBlank.userCredentialsDto.password,NotBlank.password,NotBlank.java.lang.String,NotBlank]; arguments [org.springframework.context.support.DefaultMessageSourceResolvable: codes [userCredentialsDto.password,password]; arguments []; default message [password]]; default message [must not be blank]] ]
?[1;31m
Start test 9?[0m
?[1;31m
Start test 10?[0m
?[1;31m
Start test 11?[0m
?[1;31m
Start test 12?[0m
?[1;31m
Start test 13?[0m
?[0;34m2023-03-21 15:24:05.272  INFO 17256 --- [       Thread-5] j.LocalContainerEntityManagerFactoryBean : Closing JPA EntityManagerFactory for persistence unit 'default'
?[0m?[0;34m2023-03-21 15:24:05.274  INFO 17256 --- [       Thread-5] com.zaxxer.hikari.HikariDataSource       : HikariPool-1 - Shutdown initiated...
?[0m?[0;34m2023-03-21 15:24:05.501  INFO 17256 --- [       Thread-5] com.zaxxer.hikari.HikariDataSource       : HikariPool-1 - Shutdown completed.
?[0;34m
?[0m?[0;34m  .   ____          _            __ _ _
?[0m?[0;34m /\\ / ___'_ __ _ _(_)_ __  __ _ \ \ \ \
?[0m?[0;34m( ( )\___ | '_ | '_| | '_ \/ _` | \ \ \ \
?[0m?[0;34m \\/  ___)| |_)| | | | | || (_| |  ) ) ) )
?[0m?[0;34m  '  |____| .__|_| |_|_| |_\__, | / / / /
?[0m?[0;34m =========|_|==============|___/=/_/_/_/
?[0m?[0;34m :: Spring Boot ::                (v2.5.6)
?[0m?[0;34m
?[0m?[0;34m2023-03-21 15:24:15.729  INFO 17256 --- [    Test worker] recipes.RecipesApplication               : Starting RecipesApplication using Java 17.0.1 on bhp with PID 17256 (started by vovaf in F:\baha\highEdu\Recipes\Recipes\task)
?[0m?[0;34m2023-03-21 15:24:15.730  INFO 17256 --- [    Test worker] recipes.RecipesApplication               : No active profile set, falling back to default profiles: default
?[0m?[0;34m2023-03-21 15:24:15.964  INFO 17256 --- [    Test worker] .s.d.r.c.RepositoryConfigurationDelegate : Bootstrapping Spring Data JPA repositories in DEFAULT mode.
?[0m?[0;34m2023-03-21 15:24:15.973  INFO 17256 --- [    Test worker] .s.d.r.c.RepositoryConfigurationDelegate : Finished Spring Data repository scanning in 7 ms. Found 2 JPA repository interfaces.
?[0m?[0;34m2023-03-21 15:24:16.053  INFO 17256 --- [    Test worker] o.s.b.w.embedded.tomcat.TomcatWebServer  : Tomcat initialized with port(s): 8881 (http)
?[0m?[0;34m2023-03-21 15:24:16.054  INFO 17256 --- [    Test worker] o.apache.catalina.core.StandardService   : Starting service [Tomcat]
?[0m?[0;34m2023-03-21 15:24:16.054  INFO 17256 --- [    Test worker] org.apache.catalina.core.StandardEngine  : Starting Servlet engine: [Apache Tomcat/9.0.54]
?[0m?[0;34m2023-03-21 15:24:16.083  INFO 17256 --- [    Test worker] o.a.c.c.C.[Tomcat].[localhost].[/]       : Initializing Spring embedded WebApplicationContext
?[0m?[0;34m2023-03-21 15:24:16.083  INFO 17256 --- [    Test worker] w.s.c.ServletWebServerApplicationContext : Root WebApplicationContext: initialization completed in 352 ms
?[0m?[0;34m2023-03-21 15:24:16.110  INFO 17256 --- [    Test worker] com.zaxxer.hikari.HikariDataSource       : HikariPool-2 - Starting...
?[0m?[0;34m2023-03-21 15:24:16.118  INFO 17256 --- [    Test worker] com.zaxxer.hikari.HikariDataSource       : HikariPool-2 - Start completed.
?[0m?[0;34m2023-03-21 15:24:16.118  INFO 17256 --- [    Test worker] o.s.b.a.h2.H2ConsoleAutoConfiguration    : H2 console available at '/h2-console'. Database available at 'jdbc:h2:file:../recipes_db'
?[0m?[0;34m2023-03-21 15:24:16.151  INFO 17256 --- [    Test worker] o.hibernate.jpa.internal.util.LogHelper  : HHH000204: Processing PersistenceUnitInfo [name: default]
?[0m?[0;34m2023-03-21 15:24:16.155  INFO 17256 --- [    Test worker] org.hibernate.dialect.Dialect            : HHH000400: Using dialect: org.hibernate.dialect.H2Dialect
?[0m?[0;34m2023-03-21 15:24:16.219  INFO 17256 --- [    Test worker] o.h.e.t.j.p.i.JtaPlatformInitiator       : HHH000490: Using JtaPlatform implementation: [org.hibernate.engine.transaction.jta.platform.internal.NoJtaPlatform]
?[0m?[0;34m2023-03-21 15:24:16.219  INFO 17256 --- [    Test worker] j.LocalContainerEntityManagerFactoryBean : Initialized JPA EntityManagerFactory for persistence unit 'default'
?[0m?[0;34m2023-03-21 15:24:16.238  WARN 17256 --- [    Test worker] JpaBaseConfiguration$JpaWebConfiguration : spring.jpa.open-in-view is enabled by default. Therefore, database queries may be performed during view rendering. Explicitly configure spring.jpa.open-in-view to disable this warning
?[0m?[0;34m2023-03-21 15:24:16.439  INFO 17256 --- [    Test worker] o.s.s.web.DefaultSecurityFilterChain     : Will secure any request with [org.springframework.security.web.context.request.async.WebAsyncManagerIntegrationFilter@3a8ae302, org.springframework.security.web.context.SecurityContextPersistenceFilter@43f23338, org.springframework.security.web.header.HeaderWriterFilter@408573b1, org.springframework.security.web.authentication.logout.LogoutFilter@7ef8cfbb, org.springframework.security.web.authentication.www.BasicAuthenticationFilter@cb03360, org.springframework.security.web.savedrequest.RequestCacheAwareFilter@2ca8bd50, org.springframework.security.web.servletapi.SecurityContextHolderAwareRequestFilter@47db5b8f, org.springframework.security.web.authentication.AnonymousAuthenticationFilter@65134e6c, org.springframework.security.web.session.SessionManagementFilter@5b7600ec, org.springframework.security.web.access.ExceptionTranslationFilter@2be89ba5, org.springframework.security.web.access.intercept.FilterSecurityInterceptor@3edc999f]
?[0m?[0;34m2023-03-21 15:24:16.449  INFO 17256 --- [    Test worker] o.s.b.a.e.web.EndpointLinksResolver      : Exposing 14 endpoint(s) beneath base path '/actuator'
?[0m?[0;34m2023-03-21 15:24:16.461  INFO 17256 --- [    Test worker] o.s.b.w.embedded.tomcat.TomcatWebServer  : Tomcat started on port(s): 8881 (http) with context path ''
?[0m?[0;34m2023-03-21 15:24:16.466  INFO 17256 --- [    Test worker] recipes.RecipesApplication               : Started RecipesApplication in 0.756 seconds (JVM running for 17.955)
?[0m?[1;31m
Start test 14?[0m
?[0;34m2023-03-21 15:24:16.471  INFO 17256 --- [nio-8881-exec-1] o.a.c.c.C.[Tomcat].[localhost].[/]       : Initializing Spring DispatcherServlet 'dispatcherServlet'
?[0m?[0;34m2023-03-21 15:24:16.472  INFO 17256 --- [nio-8881-exec-1] o.s.web.servlet.DispatcherServlet        : Initializing Servlet 'dispatcherServlet'
?[0m?[0;34m2023-03-21 15:24:16.473  INFO 17256 --- [nio-8881-exec-1] o.s.web.servlet.DispatcherServlet        : Completed initialization in 1 ms
?[1;31m
Start test 15?[0m
?[1;31m
Start test 16?[0m
?[1;31m
Start test 17?[0m
?[1;31m
Start test 18?[0m
?[1;31m
Start test 19?[0m
?[1;31m
Start test 20?[0m
?[1;31m
Start test 21?[0m
?[1;31m
Start test 22?[0m
?[1;31m
Start test 23?[0m
?[1;31m
Start test 24?[0m
?[1;31m
Start test 25?[0m
?[1;31m
Start test 26?[0m
?[1;31m
Start test 27?[0m
?[1;31m
Start test 28?[0m
?[1;31m
Start test 29?[0m
?[1;31m
Start test 30?[0m
?[1;31m
Start test 31?[0m
?[1;31m
Start test 32?[0m
?[1;31m
Start test 33?[0m
?[1;31m
Start test 34?[0m
?[1;31m
Start test 35?[0m
?[1;31m
Start test 36?[0m
?[1;31m
Start test 37?[0m
?[1;31m
Start test 38?[0m
?[1;31m
Start test 39?[0m
?[1;31m
Start test 40?[0m
?[1;31m
Start test 41?[0m
?[1;31m
Start test 42?[0m
?[1;31m
Start test 43?[0m
?[0;34m2023-03-21 15:24:19.018  WARN 17256 --- [io-8881-exec-10] .w.s.m.s.DefaultHandlerExceptionResolver : Resolved [org.springframework.web.bind.MethodArgumentNotValidException: Validation failed for argument [0] in public org.springframework.http.ResponseEntity<?> recipes.controller.RecipeController.addRecipe(recipes.dto.RecipeDto,java.security.Principal) with 2 errors: [Field error in object 'recipeDto' on field 'name': rejected value [null]; codes [NotNull.recipeDto.name,NotNull.name,NotNull.java.lang.String,NotNull]; arguments [org.springframework.context.support.DefaultMessageSourceResolvable: codes [recipeDto.name,name]; arguments []; default message [name]]; default message [must not be null]] [Field error in object 'recipeDto' on field 'name': rejected value [null]; codes [NotBlank.recipeDto.name,NotBlank.name,NotBlank.java.lang.String,NotBlank]; arguments [org.springframework.context.support.DefaultMessageSourceResolvable: codes [recipeDto.name,name]; arguments []; default message [name]]; default message [must not be blank]] ]
?[1;31m
Start test 44?[0m
?[0m?[0;34m2023-03-21 15:24:19.089  WARN 17256 --- [nio-8881-exec-1] .w.s.m.s.DefaultHandlerExceptionResolver : Resolved [org.springframework.web.bind.MethodArgumentNotValidException: Validation failed for argument [0] in public org.springframework.http.ResponseEntity<?> recipes.controller.RecipeController.addRecipe(recipes.dto.RecipeDto,java.security.Principal) with 2 errors: [Field error in object 'recipeDto' on field 'category': rejected value [null]; codes [NotNull.recipeDto.category,NotNull.category,NotNull.java.lang.String,NotNull]; arguments [org.springframework.context.support.DefaultMessageSourceResolvable: codes [recipeDto.category,category]; arguments []; default message [category]]; default message [must not be null]] [Field error in object 'recipeDto' on field 'category': rejected value [null]; codes [NotBlank.recipeDto.category,NotBlank.category,NotBlank.java.lang.String,NotBlank]; arguments [org.springframework.context.support.DefaultMessageSourceResolvable: codes [recipeDto.category,category]; arguments []; default message [category]]; default message [must not be blank]] ]
?[1;31m
Start test 45?[0m
?[0;34m2023-03-21 15:24:19.158  WARN 17256 --- [nio-8881-exec-2] .w.s.m.s.DefaultHandlerExceptionResolver : Resolved [org.springframework.web.bind.MethodArgumentNotValidException: Validation failed for argument [0] in public org.springframework.http.ResponseEntity<?> recipes.controller.RecipeController.addRecipe(recipes.dto.RecipeDto,java.security.Principal) with 2 errors: [Field error in object 'recipeDto' on field 'description': rejected value [null]; codes [NotNull.recipeDto.description,NotNull.description,NotNull.java.lang.String,NotNull]; arguments [org.springframework.context.support.DefaultMessageSourceResolvable: codes [recipeDto.description,description]; arguments []; default message [description]]; default message [must not be null]] [Field error in object 'recipeDto' on field 'description': rejected value [null]; codes [NotBlank.recipeDto.description,NotBlank.description,NotBlank.java.lang.String,NotBlank]; arguments [org.springframework.context.support.DefaultMessageSourceResolvable: codes [recipeDto.description,description]; arguments []; default message [description]]; default message [must not be blank]] ]
?[1;31m
Start test 46?[0m
?[0;34m2023-03-21 15:24:19.226  WARN 17256 --- [nio-8881-exec-3] .w.s.m.s.DefaultHandlerExceptionResolver : Resolved [org.springframework.web.bind.MethodArgumentNotValidException: Validation failed for argument [0] in public org.springframework.http.ResponseEntity<?> recipes.controller.RecipeController.addRecipe(recipes.dto.RecipeDto,java.security.Principal) with 2 errors: [Field error in object 'recipeDto' on field 'ingredients': rejected value [null]; codes [NotEmpty.recipeDto.ingredients,NotEmpty.ingredients,NotEmpty.java.util.List,NotEmpty]; arguments [org.springframework.context.support.DefaultMessageSourceResolvable: codes [recipeDto.ingredients,ingredients]; arguments []; default message [ingredients]]; default message [must not be empty]] [Field error in object 'recipeDto' on field 'ingredients': rejected value [null]; codes [NotNull.recipeDto.ingredients,NotNull.ingredients,NotNull.java.util.List,NotNull]; arguments [org.springframework.context.support.DefaultMessageSourceResolvable: codes [recipeDto.ingredients,ingredients]; arguments []; default message [ingredients]]; default message [must not be null]] ]
?[1;31m
Start test 47?[0m
?[0;34m2023-03-21 15:24:19.294  WARN 17256 --- [nio-8881-exec-4] .w.s.m.s.DefaultHandlerExceptionResolver : Resolved [org.springframework.web.bind.MethodArgumentNotValidException: Validation failed for argument [0] in public org.springframework.http.ResponseEntity<?> recipes.controller.RecipeController.addRecipe(recipes.dto.RecipeDto,java.security.Principal) with 2 errors: [Field error in object 'recipeDto' on field 'directions': rejected value [null]; codes [NotNull.recipeDto.directions,NotNull.directions,NotNull.java.util.List,NotNull]; arguments [org.springframework.context.support.DefaultMessageSourceResolvable: codes [recipeDto.directions,directions]; arguments []; default message [directions]]; default message [must not be null]] [Field error in object 'recipeDto' on field 'directions': rejected value [null]; codes [NotEmpty.recipeDto.directions,NotEmpty.directions,NotEmpty.java.util.List,NotEmpty]; arguments [org.springframework.context.support.DefaultMessageSourceResolvable: codes [recipeDto.directions,directions]; arguments []; default message [directions]]; default message [must not be empty]] ]
?[1;31m
Start test 48?[0m
?[0;34m2023-03-21 15:24:19.362  WARN 17256 --- [nio-8881-exec-5] .w.s.m.s.DefaultHandlerExceptionResolver : Resolved [org.springframework.web.bind.MethodArgumentNotValidException: Validation failed for argument [0] in public org.springframework.http.ResponseEntity<?> recipes.controller.RecipeController.addRecipe(recipes.dto.RecipeDto,java.security.Principal): [Field error in object 'recipeDto' on field 'name': rejected value [  ]; codes [NotBlank.recipeDto.name,NotBlank.name,NotBlank.java.lang.String,NotBlank]; arguments [org.springframework.context.support.DefaultMessageSourceResolvable: codes [recipeDto.name,name]; arguments []; default message [name]]; default message [must not be blank]] ]
?[1;31m
Start test 49?[0m
?[0;34m2023-03-21 15:24:19.430  WARN 17256 --- [nio-8881-exec-6] .w.s.m.s.DefaultHandlerExceptionResolver : Resolved [org.springframework.web.bind.MethodArgumentNotValidException: Validation failed for argument [0] in public org.springframework.http.ResponseEntity<?> recipes.controller.RecipeController.addRecipe(recipes.dto.RecipeDto,java.security.Principal): [Field error in object 'recipeDto' on field 'category': rejected value [  ]; codes [NotBlank.recipeDto.category,NotBlank.category,NotBlank.java.lang.String,NotBlank]; arguments [org.springframework.context.support.DefaultMessageSourceResolvable: codes [recipeDto.category,category]; arguments []; default message [category]]; default message [must not be blank]] ]
?[1;31m
Start test 50?[0m
?[0;34m2023-03-21 15:24:19.497  WARN 17256 --- [nio-8881-exec-7] .w.s.m.s.DefaultHandlerExceptionResolver : Resolved [org.springframework.web.bind.MethodArgumentNotValidException: Validation failed for argument [0] in public org.springframework.http.ResponseEntity<?> recipes.controller.RecipeController.addRecipe(recipes.dto.RecipeDto,java.security.Principal): [Field error in object 'recipeDto' on field 'description': rejected value [  ]; codes [NotBlank.recipeDto.description,NotBlank.description,NotBlank.java.lang.String,NotBlank]; arguments [org.springframework.context.support.DefaultMessageSourceResolvable: codes [recipeDto.description,description]; arguments []; default message [description]]; default message [must not be blank]] ]
?[1;31m
Start test 51?[0m
?[0;34m2023-03-21 15:24:19.564  WARN 17256 --- [nio-8881-exec-8] .w.s.m.s.DefaultHandlerExceptionResolver : Resolved [org.springframework.web.bind.MethodArgumentNotValidException: Validation failed for argument [0] in public org.springframework.http.ResponseEntity<?> recipes.controller.RecipeController.addRecipe(recipes.dto.RecipeDto,java.security.Principal) with 2 errors: [Field error in object 'recipeDto' on field 'ingredients': rejected value [[]]; codes [Size.recipeDto.ingredients,Size.ingredients,Size.java.util.List,Size]; arguments [org.springframework.context.support.DefaultMessageSourceResolvable: codes [recipeDto.ingredients,ingredients]; arguments []; default message [ingredients],2147483647,1]; default message [size must be between 1 and 2147483647]] [Field error in object 'recipeDto' on field 'ingredients': rejected value [[]]; codes [NotEmpty.recipeDto.ingredients,NotEmpty.ingredients,NotEmpty.java.util.List,NotEmpty]; arguments [org.springframework.context.support.DefaultMessageSourceResolvable: codes [recipeDto.ingredients,ingredients]; arguments []; default message [ingredients]]; default message [must not be empty]] ]
?[1;31m
Start test 52?[0m
?[0;34m2023-03-21 15:24:19.632  WARN 17256 --- [nio-8881-exec-9] .w.s.m.s.DefaultHandlerExceptionResolver : Resolved [org.springframework.web.bind.MethodArgumentNotValidException: Validation failed for argument [0] in public org.springframework.http.ResponseEntity<?> recipes.controller.RecipeController.addRecipe(recipes.dto.RecipeDto,java.security.Principal) with 2 errors: [Field error in object 'recipeDto' on field 'directions': rejected value [[]]; codes [Size.recipeDto.directions,Size.directions,Size.java.util.List,Size]; arguments [org.springframework.context.support.DefaultMessageSourceResolvable: codes [recipeDto.directions,directions]; arguments []; default message [directions],2147483647,1]; default message [size must be between 1 and 2147483647]] [Field error in object 'recipeDto' on field 'directions': rejected value [[]]; codes [NotEmpty.recipeDto.directions,NotEmpty.directions,NotEmpty.java.util.List,NotEmpty]; arguments [org.springframework.context.support.DefaultMessageSourceResolvable: codes [recipeDto.directions,directions]; arguments []; default message [directions]]; default message [must not be empty]] ]
?[1;31m
Start test 53?[0m
?[0m?[0;34m2023-03-21 15:24:19.700  WARN 17256 --- [io-8881-exec-10] .w.s.m.s.DefaultHandlerExceptionResolver : Resolved [org.springframework.web.bind.MethodArgumentNotValidException: Validation failed for argument [1] in public org.springframework.http.ResponseEntity<?> recipes.controller.RecipeController.updateRecipe(java.lang.Long,recipes.dto.RecipeDto,java.security.Principal) with 2 errors: [Field error in object 'recipeDto' on field 'name': rejected value [null]; codes [NotNull.recipeDto.name,NotNull.name,NotNull.java.lang.String,NotNull]; arguments [org.springframework.context.support.DefaultMessageSourceResolvable: codes [recipeDto.name,name]; arguments []; default message [name]]; default message [must not be null]] [Field error in object 'recipeDto' on field 'name': rejected value [null]; codes [NotBlank.recipeDto.name,NotBlank.name,NotBlank.java.lang.String,NotBlank]; arguments [org.springframework.context.support.DefaultMessageSourceResolvable: codes [recipeDto.name,name]; arguments []; default message [name]]; default message [must not be blank]] ]
?[1;31m
Start test 54?[0m
?[0m?[0;34m2023-03-21 15:24:19.768  WARN 17256 --- [nio-8881-exec-1] .w.s.m.s.DefaultHandlerExceptionResolver : Resolved [org.springframework.web.bind.MethodArgumentNotValidException: Validation failed for argument [1] in public org.springframework.http.ResponseEntity<?> recipes.controller.RecipeController.updateRecipe(java.lang.Long,recipes.dto.RecipeDto,java.security.Principal) with 2 errors: [Field error in object 'recipeDto' on field 'category': rejected value [null]; codes [NotBlank.recipeDto.category,NotBlank.category,NotBlank.java.lang.String,NotBlank]; arguments [org.springframework.context.support.DefaultMessageSourceResolvable: codes [recipeDto.category,category]; arguments []; default message [category]]; default message [must not be blank]] [Field error in object 'recipeDto' on field 'category': rejected value [null]; codes [NotNull.recipeDto.category,NotNull.category,NotNull.java.lang.String,NotNull]; arguments [org.springframework.context.support.DefaultMessageSourceResolvable: codes [recipeDto.category,category]; arguments []; default message [category]]; default message [must not be null]] ]
?[1;31m
Start test 55?[0m
?[0m?[0;34m2023-03-21 15:24:19.837  WARN 17256 --- [nio-8881-exec-2] .w.s.m.s.DefaultHandlerExceptionResolver : Resolved [org.springframework.web.bind.MethodArgumentNotValidException: Validation failed for argument [1] in public org.springframework.http.ResponseEntity<?> recipes.controller.RecipeController.updateRecipe(java.lang.Long,recipes.dto.RecipeDto,java.security.Principal) with 2 errors: [Field error in object 'recipeDto' on field 'description': rejected value [null]; codes [NotBlank.recipeDto.description,NotBlank.description,NotBlank.java.lang.String,NotBlank]; arguments [org.springframework.context.support.DefaultMessageSourceResolvable: codes [recipeDto.description,description]; arguments []; default message [description]]; default message [must not be blank]] [Field error in object 'recipeDto' on field 'description': rejected value [null]; codes [NotNull.recipeDto.description,NotNull.description,NotNull.java.lang.String,NotNull]; arguments [org.springframework.context.support.DefaultMessageSourceResolvable: codes [recipeDto.description,description]; arguments []; default message [description]]; default message [must not be null]] ]
?[1;31m
Start test 56?[0m
?[0m?[0;34m2023-03-21 15:24:19.903  WARN 17256 --- [nio-8881-exec-3] .w.s.m.s.DefaultHandlerExceptionResolver : Resolved [org.springframework.web.bind.MethodArgumentNotValidException: Validation failed for argument [1] in public org.springframework.http.ResponseEntity<?> recipes.controller.RecipeController.updateRecipe(java.lang.Long,recipes.dto.RecipeDto,java.security.Principal) with 2 errors: [Field error in object 'recipeDto' on field 'ingredients': rejected value [null]; codes [NotEmpty.recipeDto.ingredients,NotEmpty.ingredients,NotEmpty.java.util.List,NotEmpty]; arguments [org.springframework.context.support.DefaultMessageSourceResolvable: codes [recipeDto.ingredients,ingredients]; arguments []; default message [ingredients]]; default message [must not be empty]] [Field error in object 'recipeDto' on field 'ingredients': rejected value [null]; codes [NotNull.recipeDto.ingredients,NotNull.ingredients,NotNull.java.util.List,NotNull]; arguments [org.springframework.context.support.DefaultMessageSourceResolvable: codes [recipeDto.ingredients,ingredients]; arguments []; default message [ingredients]]; default message [must not be null]] ]
?[1;31m
Start test 57?[0m
?[0m?[0;34m2023-03-21 15:24:19.969  WARN 17256 --- [nio-8881-exec-4] .w.s.m.s.DefaultHandlerExceptionResolver : Resolved [org.springframework.web.bind.MethodArgumentNotValidException: Validation failed for argument [1] in public org.springframework.http.ResponseEntity<?> recipes.controller.RecipeController.updateRecipe(java.lang.Long,recipes.dto.RecipeDto,java.security.Principal) with 2 errors: [Field error in object 'recipeDto' on field 'directions': rejected value [null]; codes [NotNull.recipeDto.directions,NotNull.directions,NotNull.java.util.List,NotNull]; arguments [org.springframework.context.support.DefaultMessageSourceResolvable: codes [recipeDto.directions,directions]; arguments []; default message [directions]]; default message [must not be null]] [Field error in object 'recipeDto' on field 'directions': rejected value [null]; codes [NotEmpty.recipeDto.directions,NotEmpty.directions,NotEmpty.java.util.List,NotEmpty]; arguments [org.springframework.context.support.DefaultMessageSourceResolvable: codes [recipeDto.directions,directions]; arguments []; default message [directions]]; default message [must not be empty]] ]
?[1;31m
Start test 58?[0m
?[0m?[0;34m2023-03-21 15:24:20.035  WARN 17256 --- [nio-8881-exec-5] .w.s.m.s.DefaultHandlerExceptionResolver : Resolved [org.springframework.web.bind.MethodArgumentNotValidException: Validation failed for argument [1] in public org.springframework.http.ResponseEntity<?> recipes.controller.RecipeController.updateRecipe(java.lang.Long,recipes.dto.RecipeDto,java.security.Principal): [Field error in object 'recipeDto' on field 'name': rejected value [  ]; codes [NotBlank.recipeDto.name,NotBlank.name,NotBlank.java.lang.String,NotBlank]; arguments [org.springframework.context.support.DefaultMessageSourceResolvable: codes [recipeDto.name,name]; arguments []; default message [name]]; default message [must not be blank]] ]
?[1;31m
Start test 59?[0m
?[0m?[0;34m2023-03-21 15:24:20.101  WARN 17256 --- [nio-8881-exec-6] .w.s.m.s.DefaultHandlerExceptionResolver : Resolved [org.springframework.web.bind.MethodArgumentNotValidException: Validation failed for argument [1] in public org.springframework.http.ResponseEntity<?> recipes.controller.RecipeController.updateRecipe(java.lang.Long,recipes.dto.RecipeDto,java.security.Principal): [Field error in object 'recipeDto' on field 'category': rejected value [  ]; codes [NotBlank.recipeDto.category,NotBlank.category,NotBlank.java.lang.String,NotBlank]; arguments [org.springframework.context.support.DefaultMessageSourceResolvable: codes [recipeDto.category,category]; arguments []; default message [category]]; default message [must not be blank]] ]
?[1;31m
Start test 60?[0m
?[0m?[0;34m2023-03-21 15:24:20.167  WARN 17256 --- [nio-8881-exec-7] .w.s.m.s.DefaultHandlerExceptionResolver : Resolved [org.springframework.web.bind.MethodArgumentNotValidException: Validation failed for argument [1] in public org.springframework.http.ResponseEntity<?> recipes.controller.RecipeController.updateRecipe(java.lang.Long,recipes.dto.RecipeDto,java.security.Principal): [Field error in object 'recipeDto' on field 'description': rejected value [  ]; codes [NotBlank.recipeDto.description,NotBlank.description,NotBlank.java.lang.String,NotBlank]; arguments [org.springframework.context.support.DefaultMessageSourceResolvable: codes [recipeDto.description,description]; arguments []; default message [description]]; default message [must not be blank]] ]
?[1;31m
Start test 61?[0m
?[0m?[0;34m2023-03-21 15:24:20.233  WARN 17256 --- [nio-8881-exec-8] .w.s.m.s.DefaultHandlerExceptionResolver : Resolved [org.springframework.web.bind.MethodArgumentNotValidException: Validation failed for argument [1] in public org.springframework.http.ResponseEntity<?> recipes.controller.RecipeController.updateRecipe(java.lang.Long,recipes.dto.RecipeDto,java.security.Principal) with 2 errors: [Field error in object 'recipeDto' on field 'ingredients': rejected value [[]]; codes [NotEmpty.recipeDto.ingredients,NotEmpty.ingredients,NotEmpty.java.util.List,NotEmpty]; arguments [org.springframework.context.support.DefaultMessageSourceResolvable: codes [recipeDto.ingredients,ingredients]; arguments []; default message [ingredients]]; default message [must not be empty]] [Field error in object 'recipeDto' on field 'ingredients': rejected value [[]]; codes [Size.recipeDto.ingredients,Size.ingredients,Size.java.util.List,Size]; arguments [org.springframework.context.support.DefaultMessageSourceResolvable: codes [recipeDto.ingredients,ingredients]; arguments []; default message [ingredients],2147483647,1]; default message [size must be between 1 and 2147483647]] ]
?[1;31m
Start test 62?[0m
?[0m?[0;34m2023-03-21 15:24:20.300  WARN 17256 --- [nio-8881-exec-9] .w.s.m.s.DefaultHandlerExceptionResolver : Resolved [org.springframework.web.bind.MethodArgumentNotValidException: Validation failed for argument [1] in public org.springframework.http.ResponseEntity<?> recipes.controller.RecipeController.updateRecipe(java.lang.Long,recipes.dto.RecipeDto,java.security.Principal) with 2 errors: [Field error in object 'recipeDto' on field 'directions': rejected value [[]]; codes [NotEmpty.recipeDto.directions,NotEmpty.directions,NotEmpty.java.util.List,NotEmpty]; arguments [org.springframework.context.support.DefaultMessageSourceResolvable: codes [recipeDto.directions,directions]; arguments []; default message [directions]]; default message [must not be empty]] [Field error in object 'recipeDto' on field 'directions': rejected value [[]]; codes [Size.recipeDto.directions,Size.directions,Size.java.util.List,Size]; arguments [org.springframework.context.support.DefaultMessageSourceResolvable: codes [recipeDto.directions,directions]; arguments []; default message [directions],2147483647,1]; default message [size must be between 1 and 2147483647]] ]
?[1;31m
Start test 63?[0m
?[0;34m2023-03-21 15:24:20.854  INFO 17256 --- [       Thread-7] j.LocalContainerEntityManagerFactoryBean : Closing JPA EntityManagerFactory for persistence unit 'default'
?[0m?[0;34m2023-03-21 15:24:20.854  INFO 17256 --- [       Thread-7] com.zaxxer.hikari.HikariDataSource       : HikariPool-2 - Shutdown initiated...
?[0m?[0;34m2023-03-21 15:24:21.184  INFO 17256 --- [       Thread-7] com.zaxxer.hikari.HikariDataSource       : HikariPool-2 - Shutdown completed.
?[0;34m
?[0m?[0;34m  .   ____          _            __ _ _
?[0m?[0;34m /\\ / ___'_ __ _ _(_)_ __  __ _ \ \ \ \
?[0m?[0;34m( ( )\___ | '_ | '_| | '_ \/ _` | \ \ \ \
?[0m?[0;34m \\/  ___)| |_)| | | | | || (_| |  ) ) ) )
?[0m?[0;34m  '  |____| .__|_| |_|_| |_\__, | / / / /
?[0m?[0;34m =========|_|==============|___/=/_/_/_/
?[0m?[0;34m :: Spring Boot ::                (v2.5.6)
?[0m?[0;34m
?[0m?[0;34m2023-03-21 15:24:31.274  INFO 17256 --- [    Test worker] recipes.RecipesApplication               : Starting RecipesApplication using Java 17.0.1 on bhp with PID 17256 (started by vovaf in F:\baha\highEdu\Recipes\Recipes\task)
?[0m?[0;34m2023-03-21 15:24:31.274  INFO 17256 --- [    Test worker] recipes.RecipesApplication               : No active profile set, falling back to default profiles: default
?[0m?[0;34m2023-03-21 15:24:31.471  INFO 17256 --- [    Test worker] .s.d.r.c.RepositoryConfigurationDelegate : Bootstrapping Spring Data JPA repositories in DEFAULT mode.
?[0m?[0;34m2023-03-21 15:24:31.479  INFO 17256 --- [    Test worker] .s.d.r.c.RepositoryConfigurationDelegate : Finished Spring Data repository scanning in 7 ms. Found 2 JPA repository interfaces.
?[0m?[0;34m2023-03-21 15:24:31.538  INFO 17256 --- [    Test worker] o.s.b.w.embedded.tomcat.TomcatWebServer  : Tomcat initialized with port(s): 8881 (http)
?[0m?[0;34m2023-03-21 15:24:31.539  INFO 17256 --- [    Test worker] o.apache.catalina.core.StandardService   : Starting service [Tomcat]
?[0m?[0;34m2023-03-21 15:24:31.539  INFO 17256 --- [    Test worker] org.apache.catalina.core.StandardEngine  : Starting Servlet engine: [Apache Tomcat/9.0.54]
?[0m?[0;34m2023-03-21 15:24:31.566  INFO 17256 --- [    Test worker] o.a.c.c.C.[Tomcat].[localhost].[/]       : Initializing Spring embedded WebApplicationContext
?[0m?[0;34m2023-03-21 15:24:31.567  INFO 17256 --- [    Test worker] w.s.c.ServletWebServerApplicationContext : Root WebApplicationContext: initialization completed in 291 ms
?[0m?[0;34m2023-03-21 15:24:31.589  INFO 17256 --- [    Test worker] com.zaxxer.hikari.HikariDataSource       : HikariPool-3 - Starting...
?[0m?[0;34m2023-03-21 15:24:31.595  INFO 17256 --- [    Test worker] com.zaxxer.hikari.HikariDataSource       : HikariPool-3 - Start completed.
?[0m?[0;34m2023-03-21 15:24:31.596  INFO 17256 --- [    Test worker] o.s.b.a.h2.H2ConsoleAutoConfiguration    : H2 console available at '/h2-console'. Database available at 'jdbc:h2:file:../recipes_db'
?[0m?[0;34m2023-03-21 15:24:31.625  INFO 17256 --- [    Test worker] o.hibernate.jpa.internal.util.LogHelper  : HHH000204: Processing PersistenceUnitInfo [name: default]
?[0m?[0;34m2023-03-21 15:24:31.629  INFO 17256 --- [    Test worker] org.hibernate.dialect.Dialect            : HHH000400: Using dialect: org.hibernate.dialect.H2Dialect
?[0m?[0;34m2023-03-21 15:24:31.678  INFO 17256 --- [    Test worker] o.h.e.t.j.p.i.JtaPlatformInitiator       : HHH000490: Using JtaPlatform implementation: [org.hibernate.engine.transaction.jta.platform.internal.NoJtaPlatform]
?[0m?[0;34m2023-03-21 15:24:31.678  INFO 17256 --- [    Test worker] j.LocalContainerEntityManagerFactoryBean : Initialized JPA EntityManagerFactory for persistence unit 'default'
?[0m?[0;34m2023-03-21 15:24:31.690  WARN 17256 --- [    Test worker] JpaBaseConfiguration$JpaWebConfiguration : spring.jpa.open-in-view is enabled by default. Therefore, database queries may be performed during view rendering. Explicitly configure spring.jpa.open-in-view to disable this warning
?[0m?[0;34m2023-03-21 15:24:31.851  INFO 17256 --- [    Test worker] o.s.s.web.DefaultSecurityFilterChain     : Will secure any request with [org.springframework.security.web.context.request.async.WebAsyncManagerIntegrationFilter@456c6754, org.springframework.security.web.context.SecurityContextPersistenceFilter@3ce74930, org.springframework.security.web.header.HeaderWriterFilter@2c99419f, org.springframework.security.web.authentication.logout.LogoutFilter@1320d929, org.springframework.security.web.authentication.www.BasicAuthenticationFilter@284e68ae, org.springframework.security.web.savedrequest.RequestCacheAwareFilter@4c58212, org.springframework.security.web.servletapi.SecurityContextHolderAwareRequestFilter@6236beac, org.springframework.security.web.authentication.AnonymousAuthenticationFilter@72de1d86, org.springframework.security.web.session.SessionManagementFilter@6a73b74c, org.springframework.security.web.access.ExceptionTranslationFilter@70290678, org.springframework.security.web.access.intercept.FilterSecurityInterceptor@7441eed3]
?[0m?[0;34m2023-03-21 15:24:31.859  INFO 17256 --- [    Test worker] o.s.b.a.e.web.EndpointLinksResolver      : Exposing 14 endpoint(s) beneath base path '/actuator'
?[0m?[0;34m2023-03-21 15:24:31.874  INFO 17256 --- [    Test worker] o.s.b.w.embedded.tomcat.TomcatWebServer  : Tomcat started on port(s): 8881 (http) with context path ''
?[0m?[0;34m2023-03-21 15:24:31.878  INFO 17256 --- [    Test worker] recipes.RecipesApplication               : Started RecipesApplication in 0.622 seconds (JVM running for 33.368)
?[0m?[1;31m
Start test 64?[0m
?[0;34m2023-03-21 15:24:31.884  INFO 17256 --- [nio-8881-exec-1] o.a.c.c.C.[Tomcat].[localhost].[/]       : Initializing Spring DispatcherServlet 'dispatcherServlet'
?[0m?[0;34m2023-03-21 15:24:31.884  INFO 17256 --- [nio-8881-exec-1] o.s.web.servlet.DispatcherServlet        : Initializing Servlet 'dispatcherServlet'
?[0m?[0;34m2023-03-21 15:24:31.885  INFO 17256 --- [nio-8881-exec-1] o.s.web.servlet.DispatcherServlet        : Completed initialization in 1 ms
?[1;31m
Start test 65?[0m
?[1;31m
Start test 66?[0m
?[1;31m
Start test 67?[0m
?[1;31m
Start test 68?[0m
?[1;31m
Start test 69?[0m
?[1;31m
Start test 70?[0m
?[1;31m
Start test 71?[0m
?[1;31m
Start test 72?[0m
?[1;31m
Start test 73?[0m
?[1;31m
Start test 74?[0m
?[1;31m
Start test 75?[0m
?[1;31m
Start test 76?[0m
?[1;31m
Start test 77?[0m
?[1;31m
Start test 78?[0m
?[1;31m
Start test 79?[0m
?[1;31m
Start test 80?[0m
?[1;31m
Start test 81?[0m
]]></system-out>
  <system-err><![CDATA[]]></system-err>
</testsuite>
